[debug] [2024-02-01T11:30:40.846Z] ----------------------------------------------------------------------
[debug] [2024-02-01T11:30:40.848Z] Command:       /home/john/.nvm/versions/node/v21.5.0/bin/node /home/john/.nvm/versions/node/v21.5.0/bin/firebase init
[debug] [2024-02-01T11:30:40.849Z] CLI Version:   13.1.0
[debug] [2024-02-01T11:30:40.849Z] Platform:      linux
[debug] [2024-02-01T11:30:40.849Z] Node Version:  v21.5.0
[debug] [2024-02-01T11:30:40.850Z] Time:          Thu Feb 01 2024 17:00:40 GMT+0530 (India Standard Time)
[debug] [2024-02-01T11:30:40.850Z] ----------------------------------------------------------------------
[debug] 
[debug] [2024-02-01T11:30:40.856Z] > command requires scopes: ["email","openid","https://www.googleapis.com/auth/cloudplatformprojects.readonly","https://www.googleapis.com/auth/firebase","https://www.googleapis.com/auth/cloud-platform"]
[debug] [2024-02-01T11:30:40.857Z] > authorizing via signed-in user (jo214841@gmail.com)
[info] 
     ######## #### ########  ######## ########     ###     ######  ########
     ##        ##  ##     ## ##       ##     ##  ##   ##  ##       ##
     ######    ##  ########  ######   ########  #########  ######  ######
     ##        ##  ##    ##  ##       ##     ## ##     ##       ## ##
     ##       #### ##     ## ######## ########  ##     ##  ######  ########

You're about to initialize a Firebase project in this directory:

  /home/john/test/back-end

[info] 
=== Project Setup
[info] 
[info] First, let's associate this project directory with a Firebase project.
[info] You can create multiple project aliases by running firebase use --add, 
[info] but for now we'll just set up a default project.
[info] 
[info] i  If you want to create a project in a Google Cloud organization or folder, please use "firebase projects:create" instead, and return to this command when you've created the project. 
[debug] [2024-02-01T11:31:51.314Z] >>> [apiv2][query] POST https://cloudresourcemanager.googleapis.com/v1/projects [none]
[debug] [2024-02-01T11:31:51.317Z] >>> [apiv2][body] POST https://cloudresourcemanager.googleapis.com/v1/projects {"projectId":"616","name":"john store"}
[debug] [2024-02-01T11:31:52.863Z] <<< [apiv2][status] POST https://cloudresourcemanager.googleapis.com/v1/projects 400
[debug] [2024-02-01T11:31:52.864Z] <<< [apiv2][body] POST https://cloudresourcemanager.googleapis.com/v1/projects {"error":{"code":400,"message":"Request contains an invalid argument.","status":"INVALID_ARGUMENT","details":[{"@type":"type.googleapis.com/google.rpc.BadRequest","fieldViolations":[{"field":"project_id","description":"project_id must be at least 6 characters long"},{"field":"project_id","description":"project_id contains invalid characters"}]},{"@type":"type.googleapis.com/google.rpc.Help","links":[{"url":"https://cloud.google.com/resource-manager/reference/rest/v1/projects"}]}]}}
[debug] [2024-02-01T11:31:52.993Z] FirebaseError: HTTP Error: 400, Request contains an invalid argument.
    at responseToError (/home/john/.nvm/versions/node/v21.5.0/lib/node_modules/firebase-tools/lib/responseToError.js:49:12)
    at RetryOperation._fn (/home/john/.nvm/versions/node/v21.5.0/lib/node_modules/firebase-tools/lib/apiv2.js:292:77)
    at process.processTicksAndRejections (node:internal/process/task_queues:95:5)
[error] 
[error] Error: Failed to create project. See firebase-debug.log for more info.
